2018-10-01 11:07:41 - constructeur de ServicePersonneImpl appel√© avant injections  avec personneDao=null
2018-10-01 11:07:41 - initBean() appel√©e apr√®s injection avec @PostConstruct  avec personneDao=fr.afcepf.al32.dao.PersonneDaoJpa@3efedc6f
2018-10-01 11:10:02 - calculateur ‡ tester bien initialisÈ
2018-10-01 11:10:02 - 5*6=30
2018-10-01 11:10:02 - calculateur ‡ tester bien initialisÈ
2018-10-01 11:10:02 - 5+6=11
2018-10-01 11:10:04 - constructeur de ServicePersonneImpl appelÈ avant injections  avec personneDao=null
2018-10-01 11:10:04 - initBean() appelÈe aprËs injection avec @PostConstruct  avec personneDao=fr.afcepf.al32.dao.PersonneDaoJpa@6b8280e6
2018-10-01 11:10:04 - p=Personne(numero=2, prenom=alain, nom=Therieur, email=at@gmail.com)
2018-10-01 11:10:17 - constructeur de ServicePersonneImpl appel√© avant injections  avec personneDao=null
2018-10-01 11:10:17 - initBean() appel√©e apr√®s injection avec @PostConstruct  avec personneDao=fr.afcepf.al32.dao.PersonneDaoJpa@3efedc6f
2018-10-01 11:11:54 - constructeur de ServicePersonneImpl appel√© avant injections  avec personneDao=null
2018-10-01 11:11:54 - initBean() appel√©e apr√®s injection avec @PostConstruct  avec personneDao=fr.afcepf.al32.dao.PersonneDaoJpa@3efedc6f
2018-10-01 11:11:54 - p=Personne(numero=2, prenom=alain, nom=Therieur, email=at@gmail.com)
2018-10-01 11:16:57 - constructeur de ServicePersonneImpl appel√© avant injections  avec personneDao=null
2018-10-01 11:16:57 - initBean() appel√©e apr√®s injection avec @PostConstruct  avec personneDao=fr.afcepf.al32.dao.PersonneDaoJpa@3efedc6f
2018-10-01 11:18:32 - constructeur de ServicePersonneImpl appel√© avant injections  avec personneDao=null
2018-10-01 11:18:32 - initBean() appel√©e apr√®s injection avec @PostConstruct  avec personneDao=fr.afcepf.al32.dao.PersonneDaoJpa@3efedc6f
2018-10-01 11:21:22 - constructeur de ServicePersonneImpl appel√© avant injections  avec personneDao=null
2018-10-01 11:21:22 - initBean() appel√©e apr√®s injection avec @PostConstruct  avec personneDao=fr.afcepf.al32.dao.PersonneDaoJpa@3efedc6f
2018-10-01 11:21:36 - constructeur de ServicePersonneImpl appel√© avant injections  avec personneDao=null
2018-10-01 11:21:36 - initBean() appel√©e apr√®s injection avec @PostConstruct  avec personneDao=fr.afcepf.al32.dao.PersonneDaoJpa@3efedc6f
2018-10-01 11:29:25 - constructeur de ServicePersonneImpl appel√© avant injections  avec personneDao=null
2018-10-01 11:29:25 - initBean() appel√©e apr√®s injection avec @PostConstruct  avec personneDao=fr.afcepf.al32.dao.PersonneDaoJpa@a0db585
2018-10-01 11:29:25 - *** c=Compte(numero=1, label=compte 1, solde=50.0)
2018-10-01 11:29:25 - *** c=Compte(numero=2, label=compte 2, solde=70.0)
2018-10-01 11:29:25 - c=Compte(numero=2, label=compte 2, solde=70.0)
2018-10-01 11:30:17 - constructeur de ServicePersonneImpl appel√© avant injections  avec personneDao=null
2018-10-01 11:30:17 - initBean() appel√©e apr√®s injection avec @PostConstruct  avec personneDao=fr.afcepf.al32.dao.PersonneDaoJpa@3efedc6f
2018-10-01 11:30:17 - *** c=Compte(numero=1, label=compte 1, solde=50.0)
2018-10-01 11:30:17 - *** c=Compte(numero=2, label=compte 2, solde=70.0)
2018-10-01 11:30:17 - c=Compte(numero=2, label=compte 2, solde=70.0)
2018-10-01 11:30:32 - constructeur de ServicePersonneImpl appel√© avant injections  avec personneDao=null
2018-10-01 11:30:32 - initBean() appel√©e apr√®s injection avec @PostConstruct  avec personneDao=fr.afcepf.al32.dao.PersonneDaoJpa@3efedc6f
2018-10-01 11:33:32 - constructeur de ServicePersonneImpl appel√© avant injections  avec personneDao=null
2018-10-01 11:33:32 - initBean() appel√©e apr√®s injection avec @PostConstruct  avec personneDao=fr.afcepf.al32.dao.PersonneDaoJpa@6464df4e
2018-10-01 11:34:20 - constructeur de ServicePersonneImpl appel√© avant injections  avec personneDao=null
2018-10-01 11:34:20 - initBean() appel√©e apr√®s injection avec @PostConstruct  avec personneDao=fr.afcepf.al32.dao.PersonneDaoJpa@44c13103
2018-10-01 11:40:04 - constructeur de ServicePersonneImpl appel√© avant injections  avec personneDao=null
2018-10-01 11:40:04 - initBean() appel√©e apr√®s injection avec @PostConstruct  avec personneDao=fr.afcepf.al32.dao.PersonneDaoJpa@a518813
2018-10-01 11:40:05 - *** c=Compte(numero=1, label=compte 1, solde=50.0)
2018-10-01 11:40:05 - *** c=Compte(numero=2, label=compte 2, solde=70.0)
2018-10-01 11:40:05 - c=Compte(numero=2, label=compte 2, solde=70.0)
2018-10-01 11:42:42 - constructeur de ServicePersonneImpl appel√© avant injections  avec personneDao=null
2018-10-01 11:42:42 - initBean() appel√©e apr√®s injection avec @PostConstruct  avec personneDao=fr.afcepf.al32.dao.PersonneDaoJpa@1290c49
2018-10-01 11:42:43 - *** c=Compte(numero=1, label=compte 1, solde=50.0)
2018-10-01 11:42:43 - *** c=Compte(numero=2, label=compte 2, solde=70.0)
2018-10-01 11:42:43 - c=Compte(numero=2, label=compte 2, solde=70.0)
2018-10-01 11:43:11 - constructeur de ServicePersonneImpl appel√© avant injections  avec personneDao=null
2018-10-01 11:43:11 - initBean() appel√©e apr√®s injection avec @PostConstruct  avec personneDao=fr.afcepf.al32.dao.PersonneDaoJpa@a518813
2018-10-01 11:43:11 - *** c=Compte(numero=1, label=compte 1, solde=50.0)
2018-10-01 11:43:11 - *** c=Compte(numero=2, label=compte 2, solde=70.0)
2018-10-01 11:43:11 - c=Compte(numero=2, label=compte 2, solde=70.0)
